<?xml version="1.0" encoding="UTF-8"?>
<coverage generated="1673654714379" clover="3.2.0">
  <project timestamp="1673654714379" name="All files">
    <metrics statements="44" coveredstatements="38" conditionals="8" coveredconditionals="4" methods="4" coveredmethods="4" elements="56" coveredelements="46" complexity="0" loc="44" ncloc="44" packages="1" files="3" classes="3"/>
    <file name="checkForSavedData.js" path="C:\Users\Matt\Desktop\Get CodingNL\Workster\Workster-Server\utilFunc\checkForSavedData.js">
      <metrics statements="16" coveredstatements="13" conditionals="4" coveredconditionals="2" methods="2" coveredmethods="2"/>
      <line num="1" count="1" type="cond" truecount="1" falsecount="0"/>
      <line num="2" count="1" type="stmt"/>
      <line num="3" count="1" type="cond" truecount="1" falsecount="0"/>
      <line num="4" count="1" type="stmt"/>
      <line num="5" count="1" type="stmt"/>
      <line num="6" count="1" type="cond" truecount="0" falsecount="1"/>
      <line num="7" count="0" type="stmt"/>
      <line num="8" count="1" type="stmt"/>
      <line num="9" count="1" type="stmt"/>
      <line num="10" count="1" type="stmt"/>
      <line num="11" count="1" type="cond" truecount="0" falsecount="1"/>
      <line num="12" count="0" type="stmt"/>
      <line num="13" count="0" type="stmt"/>
      <line num="14" count="1" type="stmt"/>
      <line num="15" count="1" type="stmt"/>
      <line num="16" count="1" type="stmt"/>
    </file>
    <file name="deleteExpiredUsers.js" path="C:\Users\Matt\Desktop\Get CodingNL\Workster\Workster-Server\utilFunc\deleteExpiredUsers.js">
      <metrics statements="17" coveredstatements="14" conditionals="3" coveredconditionals="1" methods="1" coveredmethods="1"/>
      <line num="1" count="1" type="cond" truecount="1" falsecount="0"/>
      <line num="2" count="1" type="stmt"/>
      <line num="3" count="1" type="stmt"/>
      <line num="4" count="1" type="stmt"/>
      <line num="5" count="1" type="stmt"/>
      <line num="6" count="1" type="stmt"/>
      <line num="7" count="1" type="cond" truecount="0" falsecount="1"/>
      <line num="8" count="0" type="stmt"/>
      <line num="9" count="1" type="stmt"/>
      <line num="10" count="1" type="stmt"/>
      <line num="11" count="1" type="stmt"/>
      <line num="12" count="1" type="cond" truecount="0" falsecount="1"/>
      <line num="13" count="0" type="stmt"/>
      <line num="14" count="0" type="stmt"/>
      <line num="15" count="1" type="stmt"/>
      <line num="16" count="1" type="stmt"/>
      <line num="17" count="1" type="stmt"/>
    </file>
    <file name="deleteRow.js" path="C:\Users\Matt\Desktop\Get CodingNL\Workster\Workster-Server\utilFunc\deleteRow.js">
      <metrics statements="11" coveredstatements="11" conditionals="1" coveredconditionals="1" methods="1" coveredmethods="1"/>
      <line num="1" count="1" type="cond" truecount="1" falsecount="0"/>
      <line num="2" count="1" type="stmt"/>
      <line num="3" count="1" type="stmt"/>
      <line num="4" count="1" type="stmt"/>
      <line num="5" count="1" type="stmt"/>
      <line num="6" count="1" type="stmt"/>
      <line num="7" count="1" type="stmt"/>
      <line num="8" count="1" type="stmt"/>
      <line num="9" count="1" type="stmt"/>
      <line num="10" count="1" type="stmt"/>
      <line num="11" count="1" type="stmt"/>
    </file>
  </project>
</coverage>
