{"C:\\Users\\Matt\\Desktop\\Get CodingNL\\Workster\\Workster-Server\\utilFunc\\checkForSavedData.js": {"path":"C:\\Users\\Matt\\Desktop\\Get CodingNL\\Workster\\Workster-Server\\utilFunc\\checkForSavedData.js","all":false,"statementMap":{"0":{"start":{"line":1,"column":0},"end":{"line":1,"column":69}},"1":{"start":{"line":2,"column":0},"end":{"line":2,"column":69}},"2":{"start":{"line":3,"column":0},"end":{"line":3,"column":38}},"3":{"start":{"line":4,"column":0},"end":{"line":4,"column":45}},"4":{"start":{"line":5,"column":0},"end":{"line":5,"column":18}},"5":{"start":{"line":6,"column":0},"end":{"line":6,"column":5}},"6":{"start":{"line":7,"column":0},"end":{"line":7,"column":17}},"7":{"start":{"line":8,"column":0},"end":{"line":8,"column":4}},"8":{"start":{"line":9,"column":0},"end":{"line":9,"column":45}},"9":{"start":{"line":10,"column":0},"end":{"line":10,"column":16}},"10":{"start":{"line":11,"column":0},"end":{"line":11,"column":10}},"11":{"start":{"line":12,"column":0},"end":{"line":12,"column":17}},"12":{"start":{"line":13,"column":0},"end":{"line":13,"column":3}},"13":{"start":{"line":14,"column":0},"end":{"line":14,"column":2}},"14":{"start":{"line":15,"column":0},"end":{"line":15,"column":0}},"15":{"start":{"line":16,"column":0},"end":{"line":16,"column":35}}},"s":{"0":1,"1":1,"2":1,"3":1,"4":1,"5":1,"6":0,"7":1,"8":1,"9":1,"10":1,"11":0,"12":0,"13":1,"14":1,"15":1},"branchMap":{"0":{"type":"branch","line":1,"loc":{"start":{"line":1,"column":26},"end":{"line":14,"column":2}},"locations":[{"start":{"line":1,"column":26},"end":{"line":14,"column":2}}]},"1":{"type":"branch","line":11,"loc":{"start":{"line":11,"column":3},"end":{"line":13,"column":3}},"locations":[{"start":{"line":11,"column":3},"end":{"line":13,"column":3}}]},"2":{"type":"branch","line":3,"loc":{"start":{"line":3,"column":22},"end":{"line":8,"column":3}},"locations":[{"start":{"line":3,"column":22},"end":{"line":8,"column":3}}]},"3":{"type":"branch","line":6,"loc":{"start":{"line":6,"column":4},"end":{"line":8,"column":3}},"locations":[{"start":{"line":6,"column":4},"end":{"line":8,"column":3}}]}},"b":{"0":[1],"1":[0],"2":[1],"3":[0]},"fnMap":{"0":{"name":"checkForSavedData","decl":{"start":{"line":1,"column":26},"end":{"line":14,"column":2}},"loc":{"start":{"line":1,"column":26},"end":{"line":14,"column":2}},"line":1},"1":{"name":"checkUsers","decl":{"start":{"line":3,"column":22},"end":{"line":8,"column":3}},"loc":{"start":{"line":3,"column":22},"end":{"line":8,"column":3}},"line":3}},"f":{"0":1,"1":1}}
}
