TN:
SF:utilFunc\checkForSavedData.js
FN:1,checkForSavedData
FN:3,checkUsers
FNF:2
FNH:2
FNDA:1,checkForSavedData
FNDA:1,checkUsers
DA:1,1
DA:2,1
DA:3,1
DA:4,1
DA:5,1
DA:6,1
DA:7,0
DA:8,1
DA:9,1
DA:10,1
DA:11,1
DA:12,0
DA:13,0
DA:14,1
DA:15,1
DA:16,1
LF:16
LH:13
BRDA:1,0,0,1
BRDA:11,1,0,0
BRDA:3,2,0,1
BRDA:6,3,0,0
BRF:4
BRH:2
end_of_record
TN:
SF:utilFunc\deleteExpiredUsers.js
FN:1,deleteExpiredUsers
FNF:1
FNH:1
FNDA:1,deleteExpiredUsers
DA:1,1
DA:2,1
DA:3,1
DA:4,1
DA:5,1
DA:6,1
DA:7,1
DA:8,0
DA:9,1
DA:10,1
DA:11,1
DA:12,1
DA:13,0
DA:14,0
DA:15,1
DA:16,1
DA:17,1
LF:17
LH:14
BRDA:1,0,0,1
BRDA:7,1,0,0
BRDA:12,2,0,0
BRF:3
BRH:1
end_of_record
TN:
SF:utilFunc\deleteRow.js
FN:1,deleteRow
FNF:1
FNH:1
FNDA:1,deleteRow
DA:1,1
DA:2,1
DA:3,1
DA:4,1
DA:5,1
DA:6,1
DA:7,1
DA:8,1
DA:9,1
DA:10,1
DA:11,1
LF:11
LH:11
BRDA:1,0,0,1
BRF:1
BRH:1
end_of_record
TN:
SF:utilFunc\locationIsSaved.js
FN:1,locationIsSaved
FN:6,checkLat
FN:13,checkLon
FNF:3
FNH:3
FNDA:1,locationIsSaved
FNDA:1,checkLat
FNDA:1,checkLon
DA:1,1
DA:2,1
DA:3,1
DA:4,1
DA:5,1
DA:6,1
DA:7,1
DA:8,1
DA:9,1
DA:10,0
DA:11,1
DA:12,1
DA:13,1
DA:14,1
DA:15,1
DA:16,1
DA:17,0
DA:18,1
DA:19,1
DA:20,1
DA:21,1
DA:22,0
DA:23,0
DA:24,1
DA:25,1
DA:26,1
LF:26
LH:22
BRDA:1,0,0,1
BRDA:21,1,0,0
BRDA:6,2,0,1
BRDA:9,3,0,0
BRDA:13,4,0,1
BRDA:16,5,0,0
BRF:6
BRH:3
end_of_record
TN:
SF:utilFunc\millisToDate
FN:1,Object.<anonymous>
FN:1,millisToDate
FNF:2
FNH:2
FNDA:1,Object.<anonymous>
FNDA:1,millisToDate
DA:1,1
DA:2,1
DA:3,1
DA:4,1
DA:5,1
DA:6,1
DA:7,1
DA:8,1
DA:9,1
DA:10,1
DA:11,1
LF:11
LH:11
BRDA:1,0,0,1
BRDA:1,1,0,1
BRDA:1,2,0,1
BRF:3
BRH:3
end_of_record
